<?xml version="1.0" encoding="UTF-8"?>
<testsuite name="MyFirstApplicationTest" tests="1" skipped="0" failures="0" errors="0" timestamp="2018-06-22T10:49:51" hostname="henosis" time="0.002">
  <properties/>
  <testcase name="testSomeDifficultCalculation" classname="MyFirstApplicationTest" time="0.002"/>
  <system-out><![CDATA[]]></system-out>
  <system-err><![CDATA[]]></system-err>
</testsuite>
